2022-09-01 12:01:20.369  INFO 9684 --- [restartedMain] c.e.e.EmployeePayrollAppApplication      : Starting EmployeePayrollAppApplication using Java 17.0.4.1 on DESKTOP-CUO7CEV with PID 9684 (C:\Users\hp\IdeaProjects\EmployeePayrollApp\target\classes started by hp in C:\Users\hp\IdeaProjects\EmployeePayrollApp)
2022-09-01 12:01:20.372  INFO 9684 --- [restartedMain] c.e.e.EmployeePayrollAppApplication      : The following 1 profile is active: "test"
2022-09-01 12:01:20.418  INFO 9684 --- [restartedMain] .e.DevToolsPropertyDefaultsPostProcessor : Devtools property defaults active! Set 'spring.devtools.add-properties' to 'false' to disable
2022-09-01 12:01:20.419  INFO 9684 --- [restartedMain] .e.DevToolsPropertyDefaultsPostProcessor : For additional web related logging consider setting the 'logging.level.web' property to 'DEBUG'
2022-09-01 12:01:20.968  INFO 9684 --- [restartedMain] .s.d.r.c.RepositoryConfigurationDelegate : Bootstrapping Spring Data JPA repositories in DEFAULT mode.
2022-09-01 12:01:21.005  INFO 9684 --- [restartedMain] .s.d.r.c.RepositoryConfigurationDelegate : Finished Spring Data repository scanning in 30 ms. Found 1 JPA repository interfaces.
2022-09-01 12:01:21.483  INFO 9684 --- [restartedMain] o.s.b.w.embedded.tomcat.TomcatWebServer  : Tomcat initialized with port(s): 8080 (http)
2022-09-01 12:01:21.490  INFO 9684 --- [restartedMain] o.apache.catalina.core.StandardService   : Starting service [Tomcat]
2022-09-01 12:01:21.490  INFO 9684 --- [restartedMain] org.apache.catalina.core.StandardEngine  : Starting Servlet engine: [Apache Tomcat/9.0.65]
2022-09-01 12:01:21.540  INFO 9684 --- [restartedMain] o.a.c.c.C.[Tomcat].[localhost].[/]       : Initializing Spring embedded WebApplicationContext
2022-09-01 12:01:21.540  INFO 9684 --- [restartedMain] w.s.c.ServletWebServerApplicationContext : Root WebApplicationContext: initialization completed in 1120 ms
2022-09-01 12:01:21.580  WARN 9684 --- [restartedMain] ConfigServletWebServerApplicationContext : Exception encountered during context initialization - cancelling refresh attempt: org.springframework.beans.factory.UnsatisfiedDependencyException: Error creating bean with name 'dataSourceScriptDatabaseInitializer' defined in class path resource [org/springframework/boot/autoconfigure/sql/init/DataSourceInitializationConfiguration.class]: Unsatisfied dependency expressed through method 'dataSourceScriptDatabaseInitializer' parameter 0; nested exception is org.springframework.beans.factory.BeanCreationException: Error creating bean with name 'dataSource' defined in class path resource [org/springframework/boot/autoconfigure/jdbc/DataSourceConfiguration$Hikari.class]: Bean instantiation via factory method failed; nested exception is org.springframework.beans.BeanInstantiationException: Failed to instantiate [com.zaxxer.hikari.HikariDataSource]: Factory method 'dataSource' threw exception; nested exception is org.springframework.boot.autoconfigure.jdbc.DataSourceProperties$DataSourceBeanCreationException: Failed to determine a suitable driver class
2022-09-01 12:01:21.583  INFO 9684 --- [restartedMain] o.apache.catalina.core.StandardService   : Stopping service [Tomcat]
2022-09-01 12:01:21.602  INFO 9684 --- [restartedMain] ConditionEvaluationReportLoggingListener : 

Error starting ApplicationContext. To display the conditions report re-run your application with 'debug' enabled.
2022-09-01 12:01:21.616 ERROR 9684 --- [restartedMain] o.s.b.d.LoggingFailureAnalysisReporter   : 

***************************
APPLICATION FAILED TO START
***************************

Description:

Failed to configure a DataSource: 'url' attribute is not specified and no embedded datasource could be configured.

Reason: Failed to determine a suitable driver class


Action:

Consider the following:
	If you want an embedded database (H2, HSQL or Derby), please put it on the classpath.
	If you have database settings to be loaded from a particular profile you may need to activate it (the profiles test are currently active).

2022-09-01 12:18:03.752  INFO 1508 --- [restartedMain] c.e.e.EmployeePayrollAppApplication      : Starting EmployeePayrollAppApplication using Java 17.0.4.1 on DESKTOP-CUO7CEV with PID 1508 (C:\Users\hp\IdeaProjects\EmployeePayrollApp\target\classes started by hp in C:\Users\hp\IdeaProjects\EmployeePayrollApp)
2022-09-01 12:18:03.753  INFO 1508 --- [restartedMain] c.e.e.EmployeePayrollAppApplication      : The following 1 profile is active: "dev"
2022-09-01 12:18:03.799  INFO 1508 --- [restartedMain] .e.DevToolsPropertyDefaultsPostProcessor : Devtools property defaults active! Set 'spring.devtools.add-properties' to 'false' to disable
2022-09-01 12:18:03.800  INFO 1508 --- [restartedMain] .e.DevToolsPropertyDefaultsPostProcessor : For additional web related logging consider setting the 'logging.level.web' property to 'DEBUG'
2022-09-01 12:18:04.313  INFO 1508 --- [restartedMain] .s.d.r.c.RepositoryConfigurationDelegate : Bootstrapping Spring Data JPA repositories in DEFAULT mode.
2022-09-01 12:18:04.351  INFO 1508 --- [restartedMain] .s.d.r.c.RepositoryConfigurationDelegate : Finished Spring Data repository scanning in 30 ms. Found 1 JPA repository interfaces.
2022-09-01 12:18:04.771  INFO 1508 --- [restartedMain] o.s.b.w.embedded.tomcat.TomcatWebServer  : Tomcat initialized with port(s): 8080 (http)
2022-09-01 12:18:04.778  INFO 1508 --- [restartedMain] o.apache.catalina.core.StandardService   : Starting service [Tomcat]
2022-09-01 12:18:04.779  INFO 1508 --- [restartedMain] org.apache.catalina.core.StandardEngine  : Starting Servlet engine: [Apache Tomcat/9.0.65]
2022-09-01 12:18:04.824  INFO 1508 --- [restartedMain] o.a.c.c.C.[Tomcat].[localhost].[/]       : Initializing Spring embedded WebApplicationContext
2022-09-01 12:18:04.824  INFO 1508 --- [restartedMain] w.s.c.ServletWebServerApplicationContext : Root WebApplicationContext: initialization completed in 1023 ms
2022-09-01 12:18:04.920  INFO 1508 --- [restartedMain] o.hibernate.jpa.internal.util.LogHelper  : HHH000204: Processing PersistenceUnitInfo [name: default]
2022-09-01 12:18:04.948  INFO 1508 --- [restartedMain] org.hibernate.Version                    : HHH000412: Hibernate ORM core version 5.6.10.Final
2022-09-01 12:18:05.063  INFO 1508 --- [restartedMain] o.hibernate.annotations.common.Version   : HCANN000001: Hibernate Commons Annotations {5.1.2.Final}
2022-09-01 12:18:05.127  INFO 1508 --- [restartedMain] com.zaxxer.hikari.HikariDataSource       : HikariPool-1 - Starting...
2022-09-01 12:18:05.372  INFO 1508 --- [restartedMain] com.zaxxer.hikari.HikariDataSource       : HikariPool-1 - Start completed.
2022-09-01 12:18:05.393  INFO 1508 --- [restartedMain] org.hibernate.dialect.Dialect            : HHH000400: Using dialect: org.hibernate.dialect.MySQL8Dialect
2022-09-01 12:18:05.877  INFO 1508 --- [restartedMain] o.h.e.t.j.p.i.JtaPlatformInitiator       : HHH000490: Using JtaPlatform implementation: [org.hibernate.engine.transaction.jta.platform.internal.NoJtaPlatform]
2022-09-01 12:18:05.886  INFO 1508 --- [restartedMain] j.LocalContainerEntityManagerFactoryBean : Initialized JPA EntityManagerFactory for persistence unit 'default'
2022-09-01 12:18:06.100  WARN 1508 --- [restartedMain] JpaBaseConfiguration$JpaWebConfiguration : spring.jpa.open-in-view is enabled by default. Therefore, database queries may be performed during view rendering. Explicitly configure spring.jpa.open-in-view to disable this warning
2022-09-01 12:18:06.353  INFO 1508 --- [restartedMain] o.s.b.d.a.OptionalLiveReloadServer       : LiveReload server is running on port 35729
2022-09-01 12:18:06.385  INFO 1508 --- [restartedMain] o.s.b.w.embedded.tomcat.TomcatWebServer  : Tomcat started on port(s): 8080 (http) with context path ''
2022-09-01 12:18:06.395  INFO 1508 --- [restartedMain] c.e.e.EmployeePayrollAppApplication      : Started EmployeePayrollAppApplication in 2.962 seconds (JVM running for 3.493)
2022-09-01 12:18:06.398  INFO 1508 --- [restartedMain] c.e.e.EmployeePayrollAppApplication      : Hello Logger...........!!!
2022-09-01 12:20:25.518  INFO 1508 --- [SpringApplicationShutdownHook] j.LocalContainerEntityManagerFactoryBean : Closing JPA EntityManagerFactory for persistence unit 'default'
2022-09-01 12:20:25.521  INFO 1508 --- [SpringApplicationShutdownHook] com.zaxxer.hikari.HikariDataSource       : HikariPool-1 - Shutdown initiated...
2022-09-01 12:20:25.528  INFO 1508 --- [SpringApplicationShutdownHook] com.zaxxer.hikari.HikariDataSource       : HikariPool-1 - Shutdown completed.
2022-09-01 12:20:27.827  INFO 1816 --- [restartedMain] c.e.e.EmployeePayrollAppApplication      : Starting EmployeePayrollAppApplication using Java 17.0.4.1 on DESKTOP-CUO7CEV with PID 1816 (C:\Users\hp\IdeaProjects\EmployeePayrollApp\target\classes started by hp in C:\Users\hp\IdeaProjects\EmployeePayrollApp)
2022-09-01 12:20:27.829  INFO 1816 --- [restartedMain] c.e.e.EmployeePayrollAppApplication      : The following 1 profile is active: "dev"
2022-09-01 12:20:27.873  INFO 1816 --- [restartedMain] .e.DevToolsPropertyDefaultsPostProcessor : Devtools property defaults active! Set 'spring.devtools.add-properties' to 'false' to disable
2022-09-01 12:20:27.874  INFO 1816 --- [restartedMain] .e.DevToolsPropertyDefaultsPostProcessor : For additional web related logging consider setting the 'logging.level.web' property to 'DEBUG'
2022-09-01 12:20:28.393  INFO 1816 --- [restartedMain] .s.d.r.c.RepositoryConfigurationDelegate : Bootstrapping Spring Data JPA repositories in DEFAULT mode.
2022-09-01 12:20:28.428  INFO 1816 --- [restartedMain] .s.d.r.c.RepositoryConfigurationDelegate : Finished Spring Data repository scanning in 28 ms. Found 1 JPA repository interfaces.
2022-09-01 12:20:28.850  INFO 1816 --- [restartedMain] o.s.b.w.embedded.tomcat.TomcatWebServer  : Tomcat initialized with port(s): 8080 (http)
2022-09-01 12:20:28.857  INFO 1816 --- [restartedMain] o.apache.catalina.core.StandardService   : Starting service [Tomcat]
2022-09-01 12:20:28.858  INFO 1816 --- [restartedMain] org.apache.catalina.core.StandardEngine  : Starting Servlet engine: [Apache Tomcat/9.0.65]
2022-09-01 12:20:28.905  INFO 1816 --- [restartedMain] o.a.c.c.C.[Tomcat].[localhost].[/]       : Initializing Spring embedded WebApplicationContext
2022-09-01 12:20:28.905  INFO 1816 --- [restartedMain] w.s.c.ServletWebServerApplicationContext : Root WebApplicationContext: initialization completed in 1030 ms
2022-09-01 12:20:29.000  INFO 1816 --- [restartedMain] o.hibernate.jpa.internal.util.LogHelper  : HHH000204: Processing PersistenceUnitInfo [name: default]
2022-09-01 12:20:29.031  INFO 1816 --- [restartedMain] org.hibernate.Version                    : HHH000412: Hibernate ORM core version 5.6.10.Final
2022-09-01 12:20:29.154  INFO 1816 --- [restartedMain] o.hibernate.annotations.common.Version   : HCANN000001: Hibernate Commons Annotations {5.1.2.Final}
2022-09-01 12:20:29.218  INFO 1816 --- [restartedMain] com.zaxxer.hikari.HikariDataSource       : HikariPool-1 - Starting...
2022-09-01 12:20:29.456  INFO 1816 --- [restartedMain] com.zaxxer.hikari.HikariDataSource       : HikariPool-1 - Start completed.
2022-09-01 12:20:29.476  INFO 1816 --- [restartedMain] org.hibernate.dialect.Dialect            : HHH000400: Using dialect: org.hibernate.dialect.MySQL8Dialect
2022-09-01 12:20:29.953  INFO 1816 --- [restartedMain] o.h.e.t.j.p.i.JtaPlatformInitiator       : HHH000490: Using JtaPlatform implementation: [org.hibernate.engine.transaction.jta.platform.internal.NoJtaPlatform]
2022-09-01 12:20:29.959  INFO 1816 --- [restartedMain] j.LocalContainerEntityManagerFactoryBean : Initialized JPA EntityManagerFactory for persistence unit 'default'
2022-09-01 12:20:30.186  WARN 1816 --- [restartedMain] JpaBaseConfiguration$JpaWebConfiguration : spring.jpa.open-in-view is enabled by default. Therefore, database queries may be performed during view rendering. Explicitly configure spring.jpa.open-in-view to disable this warning
2022-09-01 12:20:30.429  INFO 1816 --- [restartedMain] o.s.b.d.a.OptionalLiveReloadServer       : LiveReload server is running on port 35729
2022-09-01 12:20:30.459  INFO 1816 --- [restartedMain] o.s.b.w.embedded.tomcat.TomcatWebServer  : Tomcat started on port(s): 8080 (http) with context path ''
2022-09-01 12:20:30.470  INFO 1816 --- [restartedMain] c.e.e.EmployeePayrollAppApplication      : Started EmployeePayrollAppApplication in 2.972 seconds (JVM running for 3.518)
2022-09-01 12:20:30.473  INFO 1816 --- [restartedMain] c.e.e.EmployeePayrollAppApplication      : Hello Logger...........!!!
2022-09-01 12:21:14.276  INFO 1816 --- [SpringApplicationShutdownHook] j.LocalContainerEntityManagerFactoryBean : Closing JPA EntityManagerFactory for persistence unit 'default'
2022-09-01 12:21:14.279  INFO 1816 --- [SpringApplicationShutdownHook] com.zaxxer.hikari.HikariDataSource       : HikariPool-1 - Shutdown initiated...
2022-09-01 12:21:14.287  INFO 1816 --- [SpringApplicationShutdownHook] com.zaxxer.hikari.HikariDataSource       : HikariPool-1 - Shutdown completed.
2022-09-01 12:21:16.570  INFO 7624 --- [restartedMain] c.e.e.EmployeePayrollAppApplication      : Starting EmployeePayrollAppApplication using Java 17.0.4.1 on DESKTOP-CUO7CEV with PID 7624 (C:\Users\hp\IdeaProjects\EmployeePayrollApp\target\classes started by hp in C:\Users\hp\IdeaProjects\EmployeePayrollApp)
2022-09-01 12:21:16.572  INFO 7624 --- [restartedMain] c.e.e.EmployeePayrollAppApplication      : The following 1 profile is active: "dev"
2022-09-01 12:21:16.617  INFO 7624 --- [restartedMain] .e.DevToolsPropertyDefaultsPostProcessor : Devtools property defaults active! Set 'spring.devtools.add-properties' to 'false' to disable
2022-09-01 12:21:16.618  INFO 7624 --- [restartedMain] .e.DevToolsPropertyDefaultsPostProcessor : For additional web related logging consider setting the 'logging.level.web' property to 'DEBUG'
2022-09-01 12:21:17.145  INFO 7624 --- [restartedMain] .s.d.r.c.RepositoryConfigurationDelegate : Bootstrapping Spring Data JPA repositories in DEFAULT mode.
2022-09-01 12:21:17.182  INFO 7624 --- [restartedMain] .s.d.r.c.RepositoryConfigurationDelegate : Finished Spring Data repository scanning in 28 ms. Found 1 JPA repository interfaces.
2022-09-01 12:21:17.618  INFO 7624 --- [restartedMain] o.s.b.w.embedded.tomcat.TomcatWebServer  : Tomcat initialized with port(s): 8080 (http)
2022-09-01 12:21:17.625  INFO 7624 --- [restartedMain] o.apache.catalina.core.StandardService   : Starting service [Tomcat]
2022-09-01 12:21:17.625  INFO 7624 --- [restartedMain] org.apache.catalina.core.StandardEngine  : Starting Servlet engine: [Apache Tomcat/9.0.65]
2022-09-01 12:21:17.670  INFO 7624 --- [restartedMain] o.a.c.c.C.[Tomcat].[localhost].[/]       : Initializing Spring embedded WebApplicationContext
2022-09-01 12:21:17.670  INFO 7624 --- [restartedMain] w.s.c.ServletWebServerApplicationContext : Root WebApplicationContext: initialization completed in 1051 ms
2022-09-01 12:21:17.769  INFO 7624 --- [restartedMain] o.hibernate.jpa.internal.util.LogHelper  : HHH000204: Processing PersistenceUnitInfo [name: default]
2022-09-01 12:21:17.797  INFO 7624 --- [restartedMain] org.hibernate.Version                    : HHH000412: Hibernate ORM core version 5.6.10.Final
2022-09-01 12:21:17.912  INFO 7624 --- [restartedMain] o.hibernate.annotations.common.Version   : HCANN000001: Hibernate Commons Annotations {5.1.2.Final}
2022-09-01 12:21:17.973  INFO 7624 --- [restartedMain] com.zaxxer.hikari.HikariDataSource       : HikariPool-1 - Starting...
2022-09-01 12:21:18.212  INFO 7624 --- [restartedMain] com.zaxxer.hikari.HikariDataSource       : HikariPool-1 - Start completed.
2022-09-01 12:21:18.233  INFO 7624 --- [restartedMain] org.hibernate.dialect.Dialect            : HHH000400: Using dialect: org.hibernate.dialect.MySQL8Dialect
2022-09-01 12:21:18.710  INFO 7624 --- [restartedMain] o.h.e.t.j.p.i.JtaPlatformInitiator       : HHH000490: Using JtaPlatform implementation: [org.hibernate.engine.transaction.jta.platform.internal.NoJtaPlatform]
2022-09-01 12:21:18.719  INFO 7624 --- [restartedMain] j.LocalContainerEntityManagerFactoryBean : Initialized JPA EntityManagerFactory for persistence unit 'default'
2022-09-01 12:21:18.936  WARN 7624 --- [restartedMain] JpaBaseConfiguration$JpaWebConfiguration : spring.jpa.open-in-view is enabled by default. Therefore, database queries may be performed during view rendering. Explicitly configure spring.jpa.open-in-view to disable this warning
2022-09-01 12:21:19.163  INFO 7624 --- [restartedMain] o.s.b.d.a.OptionalLiveReloadServer       : LiveReload server is running on port 35729
2022-09-01 12:21:19.192  INFO 7624 --- [restartedMain] o.s.b.w.embedded.tomcat.TomcatWebServer  : Tomcat started on port(s): 8080 (http) with context path ''
2022-09-01 12:21:19.202  INFO 7624 --- [restartedMain] c.e.e.EmployeePayrollAppApplication      : Started EmployeePayrollAppApplication in 2.977 seconds (JVM running for 3.511)
2022-09-01 12:21:19.204  INFO 7624 --- [restartedMain] c.e.e.EmployeePayrollAppApplication      : Hello Logger...........!!!
2022-09-01 12:22:25.654  INFO 7624 --- [SpringApplicationShutdownHook] j.LocalContainerEntityManagerFactoryBean : Closing JPA EntityManagerFactory for persistence unit 'default'
2022-09-01 12:22:25.657  INFO 7624 --- [SpringApplicationShutdownHook] com.zaxxer.hikari.HikariDataSource       : HikariPool-1 - Shutdown initiated...
2022-09-01 12:22:25.663  INFO 7624 --- [SpringApplicationShutdownHook] com.zaxxer.hikari.HikariDataSource       : HikariPool-1 - Shutdown completed.
[33m2022-01-09 12:22[WARN][restartedMain][o.s.b.a.o.j.JpaBaseConfiguration$JpaWebConfiguration:219][0;39m spring.jpa.open-in-view is enabled by default. Therefore, database queries may be performed during view rendering. Explicitly configure spring.jpa.open-in-view to disable this warning
2022-09-01 12:23:18.974  INFO 13284 --- [restartedMain] c.e.e.EmployeePayrollAppApplication      : Starting EmployeePayrollAppApplication using Java 17.0.4.1 on DESKTOP-CUO7CEV with PID 13284 (C:\Users\hp\IdeaProjects\EmployeePayrollApp\target\classes started by hp in C:\Users\hp\IdeaProjects\EmployeePayrollApp)
2022-09-01 12:23:18.975  INFO 13284 --- [restartedMain] c.e.e.EmployeePayrollAppApplication      : The following 1 profile is active: "dev"
2022-09-01 12:23:19.020  INFO 13284 --- [restartedMain] .e.DevToolsPropertyDefaultsPostProcessor : Devtools property defaults active! Set 'spring.devtools.add-properties' to 'false' to disable
2022-09-01 12:23:19.022  INFO 13284 --- [restartedMain] .e.DevToolsPropertyDefaultsPostProcessor : For additional web related logging consider setting the 'logging.level.web' property to 'DEBUG'
2022-09-01 12:23:19.535  INFO 13284 --- [restartedMain] .s.d.r.c.RepositoryConfigurationDelegate : Bootstrapping Spring Data JPA repositories in DEFAULT mode.
2022-09-01 12:23:19.580  INFO 13284 --- [restartedMain] .s.d.r.c.RepositoryConfigurationDelegate : Finished Spring Data repository scanning in 35 ms. Found 1 JPA repository interfaces.
2022-09-01 12:23:20.028  INFO 13284 --- [restartedMain] o.s.b.w.embedded.tomcat.TomcatWebServer  : Tomcat initialized with port(s): 8080 (http)
2022-09-01 12:23:20.035  INFO 13284 --- [restartedMain] o.apache.catalina.core.StandardService   : Starting service [Tomcat]
2022-09-01 12:23:20.036  INFO 13284 --- [restartedMain] org.apache.catalina.core.StandardEngine  : Starting Servlet engine: [Apache Tomcat/9.0.65]
2022-09-01 12:23:20.084  INFO 13284 --- [restartedMain] o.a.c.c.C.[Tomcat].[localhost].[/]       : Initializing Spring embedded WebApplicationContext
2022-09-01 12:23:20.085  INFO 13284 --- [restartedMain] w.s.c.ServletWebServerApplicationContext : Root WebApplicationContext: initialization completed in 1063 ms
2022-09-01 12:23:20.179  INFO 13284 --- [restartedMain] o.hibernate.jpa.internal.util.LogHelper  : HHH000204: Processing PersistenceUnitInfo [name: default]
2022-09-01 12:23:20.209  INFO 13284 --- [restartedMain] org.hibernate.Version                    : HHH000412: Hibernate ORM core version 5.6.10.Final
2022-09-01 12:23:20.326  INFO 13284 --- [restartedMain] o.hibernate.annotations.common.Version   : HCANN000001: Hibernate Commons Annotations {5.1.2.Final}
2022-09-01 12:23:20.392  INFO 13284 --- [restartedMain] com.zaxxer.hikari.HikariDataSource       : HikariPool-1 - Starting...
2022-09-01 12:23:20.641  INFO 13284 --- [restartedMain] com.zaxxer.hikari.HikariDataSource       : HikariPool-1 - Start completed.
2022-09-01 12:23:20.664  INFO 13284 --- [restartedMain] org.hibernate.dialect.Dialect            : HHH000400: Using dialect: org.hibernate.dialect.MySQL8Dialect
2022-09-01 12:23:21.138  INFO 13284 --- [restartedMain] o.h.e.t.j.p.i.JtaPlatformInitiator       : HHH000490: Using JtaPlatform implementation: [org.hibernate.engine.transaction.jta.platform.internal.NoJtaPlatform]
2022-09-01 12:23:21.143  INFO 13284 --- [restartedMain] j.LocalContainerEntityManagerFactoryBean : Initialized JPA EntityManagerFactory for persistence unit 'default'
2022-09-01 12:23:21.361  WARN 13284 --- [restartedMain] JpaBaseConfiguration$JpaWebConfiguration : spring.jpa.open-in-view is enabled by default. Therefore, database queries may be performed during view rendering. Explicitly configure spring.jpa.open-in-view to disable this warning
2022-09-01 12:23:21.589  INFO 13284 --- [restartedMain] o.s.b.d.a.OptionalLiveReloadServer       : LiveReload server is running on port 35729
2022-09-01 12:23:21.625  INFO 13284 --- [restartedMain] o.s.b.w.embedded.tomcat.TomcatWebServer  : Tomcat started on port(s): 8080 (http) with context path ''
2022-09-01 12:23:21.635  INFO 13284 --- [restartedMain] c.e.e.EmployeePayrollAppApplication      : Started EmployeePayrollAppApplication in 2.988 seconds (JVM running for 3.547)
2022-09-01 12:23:21.637  INFO 13284 --- [restartedMain] c.e.e.EmployeePayrollAppApplication      : Hello Logger...........!!!
2022-09-01 12:23:33.939  INFO 13284 --- [http-nio-8080-exec-2] o.a.c.c.C.[Tomcat].[localhost].[/]       : Initializing Spring DispatcherServlet 'dispatcherServlet'
2022-09-01 12:23:33.940  INFO 13284 --- [http-nio-8080-exec-2] o.s.web.servlet.DispatcherServlet        : Initializing Servlet 'dispatcherServlet'
2022-09-01 12:23:33.941  INFO 13284 --- [http-nio-8080-exec-2] o.s.web.servlet.DispatcherServlet        : Completed initialization in 1 ms
